<?xml version="1.0" encoding="UTF-8"?>
<!-- Generated by org.testng.reporters.JUnitReportReporter -->
<testsuite hostname="Hendras-MacBook-Pro.local" failures="0" tests="1" name="mobiletest.Appium.DragDropDemo" time="5.577" errors="0" timestamp="2024-03-02T12:01:03 WIB" skipped="0">
  <testcase classname="mobiletest.Appium.DragDropDemo" name="DragDropTest" time="5.577"/>
</testsuite> <!-- mobiletest.Appium.DragDropDemo -->
