<?xml version="1.0" encoding="UTF-8"?>
<!-- Generated by org.testng.reporters.JUnitReportReporter -->
<testsuite hostname="Hendras-MacBook-Pro.local" failures="0" tests="1" name="mobiletest.Appium.ScrollDemo" time="7.521" errors="0" timestamp="2024-02-27T20:30:36 WIB" skipped="0">
  <testcase classname="mobiletest.Appium.ScrollDemo" name="LongPressGesture" time="7.521"/>
</testsuite> <!-- mobiletest.Appium.ScrollDemo -->
