<?xml version="1.0" encoding="UTF-8"?>
<!-- Generated by org.testng.reporters.JUnitReportReporter -->
<testsuite hostname="Hendras-MacBook-Pro.local" failures="0" tests="1" name="mobiletest.Appium.AppiumBasics" time="8.189" errors="0" timestamp="2024-03-01T23:57:48 WIB" skipped="0">
  <testcase classname="mobiletest.Appium.AppiumBasics" name="wifiSettingName" time="8.189"/>
</testsuite> <!-- mobiletest.Appium.AppiumBasics -->
