<?xml version="1.0" encoding="UTF-8"?>
<!-- Generated by org.testng.reporters.JUnitReportReporter -->
<testsuite hostname="Hendras-MacBook-Pro.local" failures="0" tests="1" name="mobiletest.Appium.SwipeDemo" time="7.314" errors="0" timestamp="2024-03-01T23:55:08 WIB" skipped="0">
  <testcase classname="mobiletest.Appium.SwipeDemo" name="SwipeDemoTest" time="7.314"/>
</testsuite> <!-- mobiletest.Appium.SwipeDemo -->
