<?xml version="1.0" encoding="UTF-8"?>
<!-- Generated by org.testng.reporters.JUnitReportReporter -->
<testsuite hostname="Hendras-MacBook-Pro.local" failures="0" tests="1" name="mobiletest.Appium.eComerce_Tc1" time="38.587" errors="0" timestamp="2024-03-02T20:59:28 WIB" skipped="0">
  <testcase classname="mobiletest.Appium.eComerce_Tc1" name="fillForm" time="38.587"/>
</testsuite> <!-- mobiletest.Appium.eComerce_Tc1 -->
