<?xml version="1.0" encoding="UTF-8"?>
<!-- Generated by org.testng.reporters.JUnitReportReporter -->
<testsuite hostname="Hendras-MacBook-Pro.local" failures="0" tests="1" name="mobiletest.Appium.MiscellaneousActions" time="14.268" errors="0" timestamp="2024-03-02T18:05:39 WIB" skipped="0">
  <testcase classname="mobiletest.Appium.MiscellaneousActions" name="wifiSettingName" time="14.268"/>
</testsuite> <!-- mobiletest.Appium.MiscellaneousActions -->
