<?xml version="1.0" encoding="UTF-8"?>
<!-- Generated by org.testng.reporters.JUnitReportReporter -->
<testsuite hostname="Hendras-MacBook-Pro.local" failures="0" tests="1" name="mobiletest.Appium.LongPress" time="10.439" errors="0" timestamp="2024-02-27T19:21:02 WIB" skipped="0">
  <testcase classname="mobiletest.Appium.LongPress" name="LongPressGesture" time="10.439"/>
</testsuite> <!-- mobiletest.Appium.LongPress -->
